<?xml version="1.0" encoding="UTF-8"?>
<!-- Generated by org.testng.reporters.JUnitReportReporter -->
<testsuite skipped="0" hostname="Mirs-MBP-2.lan" name="com.runner.MyRunner" tests="4" failures="0" timestamp="01 Oct 2022 08:54:35 GMT" time="19.890" errors="0">
  <testcase name="runScenario" time="7.248" classname="com.runner.MyRunner"/>
  <testcase name="runScenario" time="3.055" classname="com.runner.MyRunner"/>
  <testcase name="runScenario" time="6.676" classname="com.runner.MyRunner"/>
  <testcase name="runScenario" time="2.911" classname="com.runner.MyRunner"/>
</testsuite> <!-- com.runner.MyRunner -->
