<?xml version="1.0" encoding="UTF-8"?>
<!-- Generated by org.testng.reporters.JUnitReportReporter -->
<testsuite skipped="0" hostname="Mirs-MBP-2.lan" name="com.runner.MyRunner" tests="2" failures="0" timestamp="01 Oct 2022 19:42:41 GMT" time="20.098" errors="0">
  <testcase name="runScenario" time="10.528" classname="com.runner.MyRunner"/>
  <testcase name="runScenario" time="9.570" classname="com.runner.MyRunner"/>
</testsuite> <!-- com.runner.MyRunner -->
