<?xml version="1.0" encoding="UTF-8"?>
<!-- Generated by org.testng.reporters.JUnitReportReporter -->
<testsuite skipped="0" hostname="Mirs-MBP-2.lan" name="com.runner.MyRunner" tests="9" failures="0" timestamp="13 Nov 2022 05:13:51 GMT" time="149.131" errors="0">
  <testcase name="runScenario" time="4.142" classname="com.runner.MyRunner"/>
  <testcase name="runScenario" time="16.458" classname="com.runner.MyRunner"/>
  <testcase name="runScenario" time="14.312" classname="com.runner.MyRunner"/>
  <testcase name="runScenario" time="19.885" classname="com.runner.MyRunner"/>
  <testcase name="runScenario" time="3.805" classname="com.runner.MyRunner"/>
  <testcase name="runScenario" time="14.424" classname="com.runner.MyRunner"/>
  <testcase name="runScenario" time="14.226" classname="com.runner.MyRunner"/>
  <testcase name="runScenario" time="13.786" classname="com.runner.MyRunner"/>
  <testcase name="runScenario" time="48.093" classname="com.runner.MyRunner"/>
</testsuite> <!-- com.runner.MyRunner -->
